<?xml version="1.0" encoding="UTF-8"?>
<testng-results ignored="0" total="2" passed="2" failed="0" skipped="0">
  <reporter-output>
  </reporter-output>
  <suite started-at="2026-08-26T19:49:41 IST" name="Default suite" finished-at="2026-08-26T19:49:58 IST" duration-ms="17180">
    <groups>
      <group name="cucumber">
        <method signature="AbstractTestNGCucumberTests.runScenario(io.cucumber.testng.PickleWrapper,io.cucumber.testng.FeatureWrapper)[pri:0, instance:Runner.product_runner@7e07db1f]" name="runScenario" class="io.cucumber.testng.AbstractTestNGCucumberTests"/>
      </group> <!-- cucumber -->
    </groups>
    <test started-at="2026-08-26T19:49:41 IST" name="Default test" finished-at="2026-08-26T19:49:58 IST" duration-ms="17180">
      <class name="Runner.product_runner">
        <test-method is-config="true" signature="setUpClass(org.testng.ITestContext)[pri:0, instance:Runner.product_runner@7e07db1f]" started-at="2026-08-26T19:49:41 IST" name="setUpClass" finished-at="2026-08-26T19:49:42 IST" duration-ms="304" status="PASS">
          <params>
            <param index="0">
              <value>
                <![CDATA[org.testng.TestRunner@736ac09a]]>
              </value>
            </param>
          </params>
          <reporter-output>
          </reporter-output>
        </test-method> <!-- setUpClass -->
        <test-method signature="runScenario(io.cucumber.testng.PickleWrapper,io.cucumber.testng.FeatureWrapper)[pri:0, instance:Runner.product_runner@7e07db1f]" started-at="2026-08-26T19:49:42 IST" name="runScenario" description="Runs Cucumber Scenarios" data-provider="scenarios" finished-at="2026-08-26T19:49:50 IST" duration-ms="8699" status="PASS">
          <params>
            <param index="0">
              <value>
                <![CDATA["add product to the cart"]]>
              </value>
            </param>
            <param index="1">
              <value>
                <![CDATA["Products webpage Functionality"]]>
              </value>
            </param>
          </params>
          <reporter-output>
          </reporter-output>
        </test-method> <!-- runScenario -->
        <test-method signature="runScenario(io.cucumber.testng.PickleWrapper,io.cucumber.testng.FeatureWrapper)[pri:0, instance:Runner.product_runner@7e07db1f]" started-at="2026-08-26T19:49:50 IST" name="runScenario" description="Runs Cucumber Scenarios" data-provider="scenarios" finished-at="2026-08-26T19:49:58 IST" duration-ms="8104" status="PASS">
          <params>
            <param index="0">
              <value>
                <![CDATA["add multiple products to the cart"]]>
              </value>
            </param>
            <param index="1">
              <value>
                <![CDATA["Products webpage Functionality"]]>
              </value>
            </param>
          </params>
          <reporter-output>
          </reporter-output>
        </test-method> <!-- runScenario -->
        <test-method is-config="true" signature="tearDownClass()[pri:0, instance:Runner.product_runner@7e07db1f]" started-at="2026-08-26T19:49:58 IST" name="tearDownClass" finished-at="2026-08-26T19:49:58 IST" duration-ms="7" status="PASS">
          <reporter-output>
          </reporter-output>
        </test-method> <!-- tearDownClass -->
      </class> <!-- Runner.product_runner -->
    </test> <!-- Default test -->
  </suite> <!-- Default suite -->
</testng-results>
